<?xml version="1.0" encoding="UTF-8"?>
<!-- Generated by org.testng.reporters.JUnitXMLReporter -->
<testsuite hostname="kapil-PC" ignored="0" name="Default test" tests="2" failures="0" timestamp="09 Nov 2019 20:58:33 GMT" time="93.73" errors="0">
  <testcase name="testUploadImageTest" time="25.878" classname="com.zeidlerassignment.tests.UploadImageTest"/>
  <testcase name="testUploadOtherFile" time="19.55" classname="com.zeidlerassignment.tests.UploadImageTest"/>
</testsuite> <!-- Default test -->
