<?xml version="1.0" encoding="UTF-8"?>
<testng-results skipped="0" failed="0" ignored="0" total="2" passed="2">
  <reporter-output>
  </reporter-output>
  <suite name="Default suite" duration-ms="93730" started-at="2019-11-09T20:56:59Z" finished-at="2019-11-09T20:58:32Z">
    <groups>
    </groups>
    <test name="Default test" duration-ms="93730" started-at="2019-11-09T20:56:59Z" finished-at="2019-11-09T20:58:32Z">
      <class name="com.zeidlerassignment.tests.UploadImageTest">
        <test-method status="PASS" signature="init()[pri:0, instance:com.zeidlerassignment.tests.UploadImageTest@2286778]" name="init" is-config="true" duration-ms="25693" started-at="2019-11-09T20:56:59Z" finished-at="2019-11-09T20:57:24Z">
          <reporter-output>
          </reporter-output>
        </test-method> <!-- init -->
        <test-method status="PASS" signature="testUploadImageTest()[pri:0, instance:com.zeidlerassignment.tests.UploadImageTest@2286778]" name="testUploadImageTest" duration-ms="25878" started-at="2019-11-09T20:57:24Z" finished-at="2019-11-09T20:57:50Z">
          <reporter-output>
          </reporter-output>
        </test-method> <!-- testUploadImageTest -->
        <test-method status="PASS" signature="tearDown()[pri:0, instance:com.zeidlerassignment.tests.UploadImageTest@2286778]" name="tearDown" is-config="true" duration-ms="666" started-at="2019-11-09T20:57:50Z" finished-at="2019-11-09T20:57:51Z">
          <reporter-output>
          </reporter-output>
        </test-method> <!-- tearDown -->
        <test-method status="PASS" signature="init()[pri:0, instance:com.zeidlerassignment.tests.UploadImageTest@2286778]" name="init" is-config="true" duration-ms="21219" started-at="2019-11-09T20:57:51Z" finished-at="2019-11-09T20:58:12Z">
          <reporter-output>
          </reporter-output>
        </test-method> <!-- init -->
        <test-method status="PASS" signature="testUploadOtherFile()[pri:0, instance:com.zeidlerassignment.tests.UploadImageTest@2286778]" name="testUploadOtherFile" duration-ms="19550" started-at="2019-11-09T20:58:12Z" finished-at="2019-11-09T20:58:32Z">
          <reporter-output>
          </reporter-output>
        </test-method> <!-- testUploadOtherFile -->
        <test-method status="PASS" signature="tearDown()[pri:0, instance:com.zeidlerassignment.tests.UploadImageTest@2286778]" name="tearDown" is-config="true" duration-ms="671" started-at="2019-11-09T20:58:32Z" finished-at="2019-11-09T20:58:32Z">
          <reporter-output>
          </reporter-output>
        </test-method> <!-- tearDown -->
      </class> <!-- com.zeidlerassignment.tests.UploadImageTest -->
    </test> <!-- Default test -->
  </suite> <!-- Default suite -->
</testng-results>
